TN:
SF:/home/juliane/Documents/Automacao-Testes/entrega-final/code_coverage_c/src/utils.c
FN:16,22,anything
FN:5,15,generation_type
FNDA:4,anything
FNDA:4,generation_type
FNF:2
FNH:2
BRDA:8,0,0,3
BRDA:8,0,1,1
BRDA:8,0,2,1
BRDA:8,0,3,2
BRDA:10,0,0,2
BRDA:10,0,1,1
BRDA:10,0,2,1
BRDA:10,0,3,1
BRDA:18,0,0,3
BRDA:18,0,1,1
BRDA:18,0,2,2
BRDA:18,0,3,1
BRDA:18,0,4,1
BRDA:18,0,5,2
BRF:14
BRH:14
DA:5,4
DA:8,4
DA:9,1
DA:10,3
DA:11,1
DA:13,2
DA:16,4
DA:18,4
DA:19,2
DA:21,2
LF:10
LH:10
end_of_record
TN:
SF:/home/juliane/Documents/Automacao-Testes/entrega-final/code_coverage_c/test/test_utils.c
FN:6,137,main
FNDA:1,main
FNF:1
FNH:1
BRDA:42,0,0,1
BRDA:42,0,1,0
BRDA:53,0,0,1
BRDA:53,0,1,0
BRDA:64,0,0,1
BRDA:64,0,1,0
BRDA:75,0,0,1
BRDA:75,0,1,0
BRDA:87,0,0,1
BRDA:87,0,1,0
BRDA:99,0,0,1
BRDA:99,0,1,0
BRDA:111,0,0,1
BRDA:111,0,1,0
BRDA:123,0,0,1
BRDA:123,0,1,0
BRF:16
BRH:8
DA:6,1
DA:8,1
DA:9,1
DA:11,1
DA:12,1
DA:15,1
DA:16,1
DA:18,1
DA:19,1
DA:21,1
DA:22,1
DA:24,1
DA:25,1
DA:27,1
DA:28,1
DA:30,1
DA:31,1
DA:33,1
DA:34,1
DA:36,1
DA:37,1
DA:42,1
DA:44,1
DA:48,0
DA:49,0
DA:53,1
DA:55,1
DA:59,0
DA:60,0
DA:64,1
DA:66,1
DA:70,0
DA:71,0
DA:75,1
DA:77,1
DA:81,0
DA:82,0
DA:85,1
DA:87,1
DA:89,1
DA:90,1
DA:94,0
DA:95,0
DA:99,1
DA:101,1
DA:102,1
DA:106,0
DA:107,0
DA:111,1
DA:113,1
DA:114,1
DA:118,0
DA:119,0
DA:123,1
DA:125,1
DA:126,1
DA:130,0
DA:131,0
DA:134,1
DA:136,1
LF:60
LH:44
end_of_record
